mode: set
github.com/katalabut/openclaw-relay/cmd/relay/main.go:11.13,16.16 4 0
github.com/katalabut/openclaw-relay/cmd/relay/main.go:16.16,18.3 1 0
github.com/katalabut/openclaw-relay/cmd/relay/main.go:20.2,20.40 1 0
github.com/katalabut/openclaw-relay/cmd/relay/main.go:20.40,22.3 1 0
github.com/katalabut/openclaw-relay/internal/audit/audit.go:27.46,28.62 1 1
github.com/katalabut/openclaw-relay/internal/audit/audit.go:28.62,30.3 1 1
github.com/katalabut/openclaw-relay/internal/audit/audit.go:31.2,32.16 2 1
github.com/katalabut/openclaw-relay/internal/audit/audit.go:32.16,34.3 1 0
github.com/katalabut/openclaw-relay/internal/audit/audit.go:35.2,35.30 1 1
github.com/katalabut/openclaw-relay/internal/audit/audit.go:38.31,40.16 2 1
github.com/katalabut/openclaw-relay/internal/audit/audit.go:40.16,43.3 2 0
github.com/katalabut/openclaw-relay/internal/audit/audit.go:44.2,46.34 3 1
github.com/katalabut/openclaw-relay/internal/audit/audit.go:54.49,57.2 2 1
github.com/katalabut/openclaw-relay/internal/audit/audit.go:59.65,60.71 1 1
github.com/katalabut/openclaw-relay/internal/audit/audit.go:60.71,72.3 4 1
github.com/katalabut/openclaw-relay/internal/config/config.go:95.32,96.68 1 1
github.com/katalabut/openclaw-relay/internal/config/config.go:96.68,98.35 2 1
github.com/katalabut/openclaw-relay/internal/config/config.go:98.35,100.4 1 1
github.com/katalabut/openclaw-relay/internal/config/config.go:101.3,101.15 1 1
github.com/katalabut/openclaw-relay/internal/config/config.go:105.41,107.16 2 1
github.com/katalabut/openclaw-relay/internal/config/config.go:107.16,109.3 1 1
github.com/katalabut/openclaw-relay/internal/config/config.go:110.2,112.63 3 1
github.com/katalabut/openclaw-relay/internal/config/config.go:112.63,114.3 1 1
github.com/katalabut/openclaw-relay/internal/config/config.go:115.2,115.26 1 1
github.com/katalabut/openclaw-relay/internal/config/config.go:115.26,117.3 1 1
github.com/katalabut/openclaw-relay/internal/config/config.go:118.2,118.31 1 1
github.com/katalabut/openclaw-relay/internal/config/config.go:118.31,120.3 1 1
github.com/katalabut/openclaw-relay/internal/config/config.go:121.2,121.29 1 1
github.com/katalabut/openclaw-relay/internal/config/config.go:121.29,123.3 1 1
github.com/katalabut/openclaw-relay/internal/config/config.go:124.2,124.18 1 1
github.com/katalabut/openclaw-relay/internal/config/config.go:128.49,129.40 1 1
github.com/katalabut/openclaw-relay/internal/config/config.go:129.40,130.16 1 1
github.com/katalabut/openclaw-relay/internal/config/config.go:130.16,132.4 1 1
github.com/katalabut/openclaw-relay/internal/config/config.go:134.2,134.11 1 1
github.com/katalabut/openclaw-relay/internal/gateway/client.go:26.52,33.2 1 1
github.com/katalabut/openclaw-relay/internal/gateway/client.go:35.97,36.34 1 1
github.com/katalabut/openclaw-relay/internal/gateway/client.go:36.34,39.3 2 1
github.com/katalabut/openclaw-relay/internal/gateway/client.go:41.2,75.16 7 1
github.com/katalabut/openclaw-relay/internal/gateway/client.go:75.16,77.3 1 0
github.com/katalabut/openclaw-relay/internal/gateway/client.go:78.2,82.16 4 1
github.com/katalabut/openclaw-relay/internal/gateway/client.go:82.16,84.3 1 0
github.com/katalabut/openclaw-relay/internal/gateway/client.go:85.2,88.28 3 1
github.com/katalabut/openclaw-relay/internal/gateway/client.go:88.28,90.3 1 1
github.com/katalabut/openclaw-relay/internal/gateway/client.go:92.2,93.12 2 1
github.com/katalabut/openclaw-relay/internal/auth/google.go:38.79,40.38 2 1
github.com/katalabut/openclaw-relay/internal/auth/google.go:40.38,42.3 1 1
github.com/katalabut/openclaw-relay/internal/auth/google.go:43.2,53.3 1 1
github.com/katalabut/openclaw-relay/internal/auth/google.go:57.51,59.2 1 1
github.com/katalabut/openclaw-relay/internal/auth/google.go:61.45,68.2 6 1
github.com/katalabut/openclaw-relay/internal/auth/google.go:70.53,74.2 3 1
github.com/katalabut/openclaw-relay/internal/auth/google.go:77.57,82.2 4 1
github.com/katalabut/openclaw-relay/internal/auth/google.go:84.73,85.23 1 1
github.com/katalabut/openclaw-relay/internal/auth/google.go:85.23,88.3 2 1
github.com/katalabut/openclaw-relay/internal/auth/google.go:89.2,91.33 3 1
github.com/katalabut/openclaw-relay/internal/auth/google.go:91.33,96.3 1 1
github.com/katalabut/openclaw-relay/internal/auth/google.go:96.8,101.3 1 1
github.com/katalabut/openclaw-relay/internal/auth/google.go:104.74,108.2 3 1
github.com/katalabut/openclaw-relay/internal/auth/google.go:110.77,111.48 1 1
github.com/katalabut/openclaw-relay/internal/auth/google.go:111.48,114.3 2 1
github.com/katalabut/openclaw-relay/internal/auth/google.go:115.2,116.16 2 1
github.com/katalabut/openclaw-relay/internal/auth/google.go:116.16,119.3 2 1
github.com/katalabut/openclaw-relay/internal/auth/google.go:121.2,123.16 3 1
github.com/katalabut/openclaw-relay/internal/auth/google.go:123.16,127.3 3 1
github.com/katalabut/openclaw-relay/internal/auth/google.go:130.2,131.16 2 0
github.com/katalabut/openclaw-relay/internal/auth/google.go:131.16,135.3 3 0
github.com/katalabut/openclaw-relay/internal/auth/google.go:136.2,137.16 2 0
github.com/katalabut/openclaw-relay/internal/auth/google.go:137.16,141.3 3 0
github.com/katalabut/openclaw-relay/internal/auth/google.go:143.2,144.29 2 0
github.com/katalabut/openclaw-relay/internal/auth/google.go:144.29,154.3 5 0
github.com/katalabut/openclaw-relay/internal/auth/google.go:156.2,156.57 1 0
github.com/katalabut/openclaw-relay/internal/auth/google.go:156.57,160.3 3 0
github.com/katalabut/openclaw-relay/internal/auth/google.go:162.2,163.56 2 0
github.com/katalabut/openclaw-relay/internal/auth/google.go:166.75,167.46 1 1
github.com/katalabut/openclaw-relay/internal/auth/google.go:167.46,169.3 1 0
github.com/katalabut/openclaw-relay/internal/auth/google.go:170.2,170.56 1 1
github.com/katalabut/openclaw-relay/internal/auth/google.go:174.79,177.15 3 1
github.com/katalabut/openclaw-relay/internal/auth/google.go:177.15,180.3 2 1
github.com/katalabut/openclaw-relay/internal/auth/google.go:181.2,187.4 1 1
github.com/katalabut/openclaw-relay/internal/auth/middleware.go:9.71,10.71 1 1
github.com/katalabut/openclaw-relay/internal/auth/middleware.go:10.71,13.101 2 1
github.com/katalabut/openclaw-relay/internal/auth/middleware.go:13.101,16.4 2 1
github.com/katalabut/openclaw-relay/internal/auth/middleware.go:18.3,18.39 1 1
github.com/katalabut/openclaw-relay/internal/auth/middleware.go:18.39,20.92 2 1
github.com/katalabut/openclaw-relay/internal/auth/middleware.go:20.92,23.5 2 1
github.com/katalabut/openclaw-relay/internal/auth/middleware.go:25.3,25.23 1 1
github.com/katalabut/openclaw-relay/internal/server/server.go:21.36,28.73 4 0
github.com/katalabut/openclaw-relay/internal/server/server.go:28.73,31.3 2 0
github.com/katalabut/openclaw-relay/internal/server/server.go:34.2,40.47 5 0
github.com/katalabut/openclaw-relay/internal/server/server.go:40.47,42.17 2 0
github.com/katalabut/openclaw-relay/internal/server/server.go:42.17,44.4 1 0
github.com/katalabut/openclaw-relay/internal/server/server.go:44.9,52.25 4 0
github.com/katalabut/openclaw-relay/internal/server/server.go:52.25,63.5 8 0
github.com/katalabut/openclaw-relay/internal/server/server.go:65.8,67.68 1 0
github.com/katalabut/openclaw-relay/internal/server/server.go:67.68,68.25 1 0
github.com/katalabut/openclaw-relay/internal/server/server.go:68.25,71.5 2 0
github.com/katalabut/openclaw-relay/internal/server/server.go:72.4,73.120 2 0
github.com/katalabut/openclaw-relay/internal/server/server.go:78.2,78.77 1 0
github.com/katalabut/openclaw-relay/internal/server/server.go:78.77,81.3 2 0
github.com/katalabut/openclaw-relay/internal/server/server.go:84.2,85.36 2 0
github.com/katalabut/openclaw-relay/internal/server/server.go:85.36,87.3 1 0
github.com/katalabut/openclaw-relay/internal/server/server.go:90.2,91.16 2 0
github.com/katalabut/openclaw-relay/internal/server/server.go:91.16,93.3 1 0
github.com/katalabut/openclaw-relay/internal/server/server.go:93.8,95.3 1 0
github.com/katalabut/openclaw-relay/internal/server/server.go:97.2,100.43 4 0
github.com/katalabut/openclaw-relay/internal/tokens/store.go:42.59,44.34 2 1
github.com/katalabut/openclaw-relay/internal/tokens/store.go:44.34,46.3 1 1
github.com/katalabut/openclaw-relay/internal/tokens/store.go:47.2,48.56 2 1
github.com/katalabut/openclaw-relay/internal/tokens/store.go:48.56,50.3 1 1
github.com/katalabut/openclaw-relay/internal/tokens/store.go:51.2,51.15 1 1
github.com/katalabut/openclaw-relay/internal/tokens/store.go:54.59,56.16 2 1
github.com/katalabut/openclaw-relay/internal/tokens/store.go:56.16,58.3 1 0
github.com/katalabut/openclaw-relay/internal/tokens/store.go:59.2,60.16 2 1
github.com/katalabut/openclaw-relay/internal/tokens/store.go:60.16,62.3 1 0
github.com/katalabut/openclaw-relay/internal/tokens/store.go:63.2,64.59 2 1
github.com/katalabut/openclaw-relay/internal/tokens/store.go:64.59,66.3 1 0
github.com/katalabut/openclaw-relay/internal/tokens/store.go:67.2,67.52 1 1
github.com/katalabut/openclaw-relay/internal/tokens/store.go:70.60,72.16 2 1
github.com/katalabut/openclaw-relay/internal/tokens/store.go:72.16,74.3 1 0
github.com/katalabut/openclaw-relay/internal/tokens/store.go:75.2,76.16 2 1
github.com/katalabut/openclaw-relay/internal/tokens/store.go:76.16,78.3 1 0
github.com/katalabut/openclaw-relay/internal/tokens/store.go:79.2,80.26 2 1
github.com/katalabut/openclaw-relay/internal/tokens/store.go:80.26,82.3 1 0
github.com/katalabut/openclaw-relay/internal/tokens/store.go:83.2,83.61 1 1
github.com/katalabut/openclaw-relay/internal/tokens/store.go:86.30,88.16 2 1
github.com/katalabut/openclaw-relay/internal/tokens/store.go:88.16,90.3 1 1
github.com/katalabut/openclaw-relay/internal/tokens/store.go:91.2,92.16 2 1
github.com/katalabut/openclaw-relay/internal/tokens/store.go:92.16,94.3 1 1
github.com/katalabut/openclaw-relay/internal/tokens/store.go:95.2,95.43 1 1
github.com/katalabut/openclaw-relay/internal/tokens/store.go:98.30,99.68 1 1
github.com/katalabut/openclaw-relay/internal/tokens/store.go:99.68,101.3 1 0
github.com/katalabut/openclaw-relay/internal/tokens/store.go:102.2,103.16 2 1
github.com/katalabut/openclaw-relay/internal/tokens/store.go:103.16,105.3 1 0
github.com/katalabut/openclaw-relay/internal/tokens/store.go:106.2,107.16 2 1
github.com/katalabut/openclaw-relay/internal/tokens/store.go:107.16,109.3 1 0
github.com/katalabut/openclaw-relay/internal/tokens/store.go:110.2,110.50 1 1
github.com/katalabut/openclaw-relay/internal/tokens/store.go:114.69,125.2 4 1
github.com/katalabut/openclaw-relay/internal/tokens/store.go:128.42,132.2 3 1
github.com/katalabut/openclaw-relay/internal/tokens/store.go:135.54,137.14 2 1
github.com/katalabut/openclaw-relay/internal/tokens/store.go:137.14,139.3 1 1
github.com/katalabut/openclaw-relay/internal/tokens/store.go:140.2,145.3 1 1
github.com/katalabut/openclaw-relay/internal/tokens/store.go:149.68,152.26 3 1
github.com/katalabut/openclaw-relay/internal/tokens/store.go:152.26,154.3 1 1
github.com/katalabut/openclaw-relay/internal/tokens/store.go:155.2,157.30 3 1
github.com/katalabut/openclaw-relay/internal/tokens/store.go:157.30,159.3 1 0
github.com/katalabut/openclaw-relay/internal/tokens/store.go:160.2,160.17 1 1
github.com/katalabut/openclaw-relay/internal/tokens/store.go:164.37,169.2 4 1
github.com/katalabut/openclaw-relay/internal/gmail/client.go:34.70,36.2 1 0
github.com/katalabut/openclaw-relay/internal/gmail/client.go:38.71,40.16 2 0
github.com/katalabut/openclaw-relay/internal/gmail/client.go:40.16,42.3 1 0
github.com/katalabut/openclaw-relay/internal/gmail/client.go:43.2,46.16 3 0
github.com/katalabut/openclaw-relay/internal/gmail/client.go:46.16,48.3 1 0
github.com/katalabut/openclaw-relay/internal/gmail/client.go:50.2,50.43 1 0
github.com/katalabut/openclaw-relay/internal/gmail/client.go:50.43,51.65 1 0
github.com/katalabut/openclaw-relay/internal/gmail/client.go:51.65,53.4 1 0
github.com/katalabut/openclaw-relay/internal/gmail/client.go:55.2,55.55 1 0
github.com/katalabut/openclaw-relay/internal/gmail/client.go:82.69,83.28 1 1
github.com/katalabut/openclaw-relay/internal/gmail/client.go:83.28,84.38 1 1
github.com/katalabut/openclaw-relay/internal/gmail/client.go:84.38,86.4 1 1
github.com/katalabut/openclaw-relay/internal/gmail/client.go:88.2,88.11 1 1
github.com/katalabut/openclaw-relay/internal/gmail/client.go:91.50,92.20 1 1
github.com/katalabut/openclaw-relay/internal/gmail/client.go:92.20,94.3 1 1
github.com/katalabut/openclaw-relay/internal/gmail/client.go:96.2,96.88 1 1
github.com/katalabut/openclaw-relay/internal/gmail/client.go:96.88,99.3 2 1
github.com/katalabut/openclaw-relay/internal/gmail/client.go:101.2,101.37 1 1
github.com/katalabut/openclaw-relay/internal/gmail/client.go:101.37,102.80 1 1
github.com/katalabut/openclaw-relay/internal/gmail/client.go:102.80,105.4 2 1
github.com/katalabut/openclaw-relay/internal/gmail/client.go:108.2,108.87 1 1
github.com/katalabut/openclaw-relay/internal/gmail/client.go:108.87,111.3 2 1
github.com/katalabut/openclaw-relay/internal/gmail/client.go:112.2,112.37 1 1
github.com/katalabut/openclaw-relay/internal/gmail/client.go:112.37,113.79 1 1
github.com/katalabut/openclaw-relay/internal/gmail/client.go:113.79,116.4 2 1
github.com/katalabut/openclaw-relay/internal/gmail/client.go:118.3,119.17 2 1
github.com/katalabut/openclaw-relay/internal/gmail/client.go:119.17,121.4 1 1
github.com/katalabut/openclaw-relay/internal/gmail/client.go:123.2,123.11 1 1
github.com/katalabut/openclaw-relay/internal/gmail/client.go:126.37,129.16 3 1
github.com/katalabut/openclaw-relay/internal/gmail/client.go:129.16,131.3 1 0
github.com/katalabut/openclaw-relay/internal/gmail/client.go:132.2,132.15 1 1
github.com/katalabut/openclaw-relay/internal/gmail/client.go:136.107,138.16 2 0
github.com/katalabut/openclaw-relay/internal/gmail/client.go:138.16,140.3 1 0
github.com/katalabut/openclaw-relay/internal/gmail/client.go:141.2,141.21 1 0
github.com/katalabut/openclaw-relay/internal/gmail/client.go:141.21,143.3 1 0
github.com/katalabut/openclaw-relay/internal/gmail/client.go:144.2,146.16 3 0
github.com/katalabut/openclaw-relay/internal/gmail/client.go:146.16,148.3 1 0
github.com/katalabut/openclaw-relay/internal/gmail/client.go:150.2,151.34 2 0
github.com/katalabut/openclaw-relay/internal/gmail/client.go:151.34,153.17 2 0
github.com/katalabut/openclaw-relay/internal/gmail/client.go:153.17,155.12 2 0
github.com/katalabut/openclaw-relay/internal/gmail/client.go:157.3,165.5 1 0
github.com/katalabut/openclaw-relay/internal/gmail/client.go:167.2,167.18 1 0
github.com/katalabut/openclaw-relay/internal/gmail/client.go:171.83,173.16 2 0
github.com/katalabut/openclaw-relay/internal/gmail/client.go:173.16,175.3 1 0
github.com/katalabut/openclaw-relay/internal/gmail/client.go:176.2,177.16 2 0
github.com/katalabut/openclaw-relay/internal/gmail/client.go:177.16,179.3 1 0
github.com/katalabut/openclaw-relay/internal/gmail/client.go:180.2,190.8 1 0
github.com/katalabut/openclaw-relay/internal/gmail/client.go:203.89,205.16 2 0
github.com/katalabut/openclaw-relay/internal/gmail/client.go:205.16,207.3 1 0
github.com/katalabut/openclaw-relay/internal/gmail/client.go:208.2,212.17 2 0
github.com/katalabut/openclaw-relay/internal/gmail/client.go:212.17,214.3 1 0
github.com/katalabut/openclaw-relay/internal/gmail/client.go:215.2,215.18 1 0
github.com/katalabut/openclaw-relay/internal/gmail/client.go:215.18,217.3 1 0
github.com/katalabut/openclaw-relay/internal/gmail/client.go:218.2,218.14 1 0
github.com/katalabut/openclaw-relay/internal/gmail/client.go:218.14,220.3 1 0
github.com/katalabut/openclaw-relay/internal/gmail/client.go:221.2,222.12 2 0
github.com/katalabut/openclaw-relay/internal/gmail/client.go:233.71,235.16 2 0
github.com/katalabut/openclaw-relay/internal/gmail/client.go:235.16,237.3 1 0
github.com/katalabut/openclaw-relay/internal/gmail/client.go:238.2,239.16 2 0
github.com/katalabut/openclaw-relay/internal/gmail/client.go:239.16,241.3 1 0
github.com/katalabut/openclaw-relay/internal/gmail/client.go:242.2,243.32 2 0
github.com/katalabut/openclaw-relay/internal/gmail/client.go:243.32,245.3 1 0
github.com/katalabut/openclaw-relay/internal/gmail/client.go:246.2,246.20 1 0
github.com/katalabut/openclaw-relay/internal/gmail/client.go:250.89,252.16 2 0
github.com/katalabut/openclaw-relay/internal/gmail/client.go:252.16,254.3 1 0
github.com/katalabut/openclaw-relay/internal/gmail/client.go:255.2,256.16 2 0
github.com/katalabut/openclaw-relay/internal/gmail/client.go:256.16,258.3 1 0
github.com/katalabut/openclaw-relay/internal/gmail/client.go:259.2,260.38 2 0
github.com/katalabut/openclaw-relay/internal/gmail/client.go:260.38,272.3 1 0
github.com/katalabut/openclaw-relay/internal/gmail/client.go:273.2,273.18 1 0
github.com/katalabut/openclaw-relay/internal/gmail/client.go:277.75,279.16 2 0
github.com/katalabut/openclaw-relay/internal/gmail/client.go:279.16,281.3 1 0
github.com/katalabut/openclaw-relay/internal/gmail/client.go:282.2,283.16 2 0
github.com/katalabut/openclaw-relay/internal/gmail/client.go:283.16,285.3 1 0
github.com/katalabut/openclaw-relay/internal/gmail/client.go:286.2,286.31 1 0
github.com/katalabut/openclaw-relay/internal/gmail/client.go:300.107,302.16 2 0
github.com/katalabut/openclaw-relay/internal/gmail/client.go:302.16,304.3 1 0
github.com/katalabut/openclaw-relay/internal/gmail/client.go:306.2,310.6 4 0
github.com/katalabut/openclaw-relay/internal/gmail/client.go:310.6,312.22 2 0
github.com/katalabut/openclaw-relay/internal/gmail/client.go:312.22,314.4 1 0
github.com/katalabut/openclaw-relay/internal/gmail/client.go:315.3,316.17 2 0
github.com/katalabut/openclaw-relay/internal/gmail/client.go:316.17,318.4 1 0
github.com/katalabut/openclaw-relay/internal/gmail/client.go:319.3,321.34 2 0
github.com/katalabut/openclaw-relay/internal/gmail/client.go:321.34,322.39 1 0
github.com/katalabut/openclaw-relay/internal/gmail/client.go:322.39,326.19 3 0
github.com/katalabut/openclaw-relay/internal/gmail/client.go:326.19,333.14 3 0
github.com/katalabut/openclaw-relay/internal/gmail/client.go:335.5,342.7 1 0
github.com/katalabut/openclaw-relay/internal/gmail/client.go:346.3,346.31 1 0
github.com/katalabut/openclaw-relay/internal/gmail/client.go:346.31,347.9 1 0
github.com/katalabut/openclaw-relay/internal/gmail/client.go:349.3,349.33 1 0
github.com/katalabut/openclaw-relay/internal/gmail/client.go:352.2,352.35 1 0
github.com/katalabut/openclaw-relay/internal/gmail/handler.go:15.46,17.2 1 1
github.com/katalabut/openclaw-relay/internal/gmail/handler.go:20.54,26.2 5 1
github.com/katalabut/openclaw-relay/internal/gmail/handler.go:28.52,31.2 2 1
github.com/katalabut/openclaw-relay/internal/gmail/handler.go:33.61,37.2 3 1
github.com/katalabut/openclaw-relay/internal/gmail/handler.go:39.78,40.32 1 1
github.com/katalabut/openclaw-relay/internal/gmail/handler.go:40.32,43.3 2 1
github.com/katalabut/openclaw-relay/internal/gmail/handler.go:44.2,45.13 2 1
github.com/katalabut/openclaw-relay/internal/gmail/handler.go:45.13,47.3 1 1
github.com/katalabut/openclaw-relay/internal/gmail/handler.go:48.2,50.18 3 1
github.com/katalabut/openclaw-relay/internal/gmail/handler.go:50.18,51.70 1 1
github.com/katalabut/openclaw-relay/internal/gmail/handler.go:51.70,53.4 1 1
github.com/katalabut/openclaw-relay/internal/gmail/handler.go:55.2,56.16 2 1
github.com/katalabut/openclaw-relay/internal/gmail/handler.go:56.16,59.3 2 1
github.com/katalabut/openclaw-relay/internal/gmail/handler.go:60.2,60.51 1 1
github.com/katalabut/openclaw-relay/internal/gmail/handler.go:63.76,64.32 1 1
github.com/katalabut/openclaw-relay/internal/gmail/handler.go:64.32,67.3 2 1
github.com/katalabut/openclaw-relay/internal/gmail/handler.go:68.2,69.14 2 1
github.com/katalabut/openclaw-relay/internal/gmail/handler.go:69.14,72.3 2 1
github.com/katalabut/openclaw-relay/internal/gmail/handler.go:73.2,74.16 2 1
github.com/katalabut/openclaw-relay/internal/gmail/handler.go:74.16,77.3 2 1
github.com/katalabut/openclaw-relay/internal/gmail/handler.go:78.2,78.22 1 1
github.com/katalabut/openclaw-relay/internal/gmail/handler.go:81.79,82.33 1 1
github.com/katalabut/openclaw-relay/internal/gmail/handler.go:82.33,85.3 2 1
github.com/katalabut/openclaw-relay/internal/gmail/handler.go:86.2,87.14 2 1
github.com/katalabut/openclaw-relay/internal/gmail/handler.go:87.14,90.3 2 1
github.com/katalabut/openclaw-relay/internal/gmail/handler.go:91.2,92.61 2 1
github.com/katalabut/openclaw-relay/internal/gmail/handler.go:92.61,95.3 2 1
github.com/katalabut/openclaw-relay/internal/gmail/handler.go:96.2,96.69 1 1
github.com/katalabut/openclaw-relay/internal/gmail/handler.go:96.69,99.3 2 1
github.com/katalabut/openclaw-relay/internal/gmail/handler.go:100.2,100.46 1 1
github.com/katalabut/openclaw-relay/internal/gmail/handler.go:103.76,104.32 1 1
github.com/katalabut/openclaw-relay/internal/gmail/handler.go:104.32,107.3 2 1
github.com/katalabut/openclaw-relay/internal/gmail/handler.go:108.2,109.16 2 1
github.com/katalabut/openclaw-relay/internal/gmail/handler.go:109.16,112.3 2 1
github.com/katalabut/openclaw-relay/internal/gmail/handler.go:113.2,113.51 1 1
github.com/katalabut/openclaw-relay/internal/gmail/handler.go:116.75,117.32 1 1
github.com/katalabut/openclaw-relay/internal/gmail/handler.go:117.32,120.3 2 1
github.com/katalabut/openclaw-relay/internal/gmail/handler.go:121.2,122.20 2 1
github.com/katalabut/openclaw-relay/internal/gmail/handler.go:122.20,125.3 2 1
github.com/katalabut/openclaw-relay/internal/gmail/handler.go:126.2,127.16 2 1
github.com/katalabut/openclaw-relay/internal/gmail/handler.go:127.16,130.3 2 1
github.com/katalabut/openclaw-relay/internal/gmail/handler.go:131.2,131.51 1 1
github.com/katalabut/openclaw-relay/internal/gmail/poller.go:33.112,35.28 2 1
github.com/katalabut/openclaw-relay/internal/gmail/poller.go:35.28,36.65 1 1
github.com/katalabut/openclaw-relay/internal/gmail/poller.go:36.65,38.4 1 1
github.com/katalabut/openclaw-relay/internal/gmail/poller.go:40.2,46.3 1 1
github.com/katalabut/openclaw-relay/internal/gmail/poller.go:49.37,51.2 1 1
github.com/katalabut/openclaw-relay/internal/gmail/poller.go:53.51,55.16 2 1
github.com/katalabut/openclaw-relay/internal/gmail/poller.go:55.16,57.3 1 1
github.com/katalabut/openclaw-relay/internal/gmail/poller.go:58.2,59.37 2 1
github.com/katalabut/openclaw-relay/internal/gmail/poller.go:62.49,66.2 3 1
github.com/katalabut/openclaw-relay/internal/gmail/poller.go:69.45,70.12 1 0
github.com/katalabut/openclaw-relay/internal/gmail/poller.go:70.12,75.17 3 0
github.com/katalabut/openclaw-relay/internal/gmail/poller.go:75.17,78.18 3 0
github.com/katalabut/openclaw-relay/internal/gmail/poller.go:78.18,80.5 1 0
github.com/katalabut/openclaw-relay/internal/gmail/poller.go:80.10,84.5 3 0
github.com/katalabut/openclaw-relay/internal/gmail/poller.go:85.9,87.4 1 0
github.com/katalabut/openclaw-relay/internal/gmail/poller.go:89.3,92.7 3 0
github.com/katalabut/openclaw-relay/internal/gmail/poller.go:92.7,93.11 1 0
github.com/katalabut/openclaw-relay/internal/gmail/poller.go:94.22,96.11 2 0
github.com/katalabut/openclaw-relay/internal/gmail/poller.go:97.20,98.16 1 0
github.com/katalabut/openclaw-relay/internal/gmail/poller.go:104.44,106.40 2 1
github.com/katalabut/openclaw-relay/internal/gmail/poller.go:106.40,109.17 2 1
github.com/katalabut/openclaw-relay/internal/gmail/poller.go:109.17,112.4 2 1
github.com/katalabut/openclaw-relay/internal/gmail/poller.go:113.3,115.9 3 1
github.com/katalabut/openclaw-relay/internal/gmail/poller.go:118.2,119.16 2 1
github.com/katalabut/openclaw-relay/internal/gmail/poller.go:119.16,121.88 1 1
github.com/katalabut/openclaw-relay/internal/gmail/poller.go:121.88,124.18 3 1
github.com/katalabut/openclaw-relay/internal/gmail/poller.go:124.18,126.5 1 1
github.com/katalabut/openclaw-relay/internal/gmail/poller.go:127.4,127.10 1 1
github.com/katalabut/openclaw-relay/internal/gmail/poller.go:129.3,130.9 2 1
github.com/katalabut/openclaw-relay/internal/gmail/poller.go:133.2,133.30 1 1
github.com/katalabut/openclaw-relay/internal/gmail/poller.go:133.30,136.3 2 1
github.com/katalabut/openclaw-relay/internal/gmail/poller.go:138.2,138.20 1 1
github.com/katalabut/openclaw-relay/internal/gmail/poller.go:138.20,140.3 1 1
github.com/katalabut/openclaw-relay/internal/gmail/poller.go:142.2,143.27 2 1
github.com/katalabut/openclaw-relay/internal/gmail/poller.go:143.27,145.3 1 1
github.com/katalabut/openclaw-relay/internal/gmail/poller.go:148.73,149.31 1 1
github.com/katalabut/openclaw-relay/internal/gmail/poller.go:149.31,150.36 1 1
github.com/katalabut/openclaw-relay/internal/gmail/poller.go:150.36,151.12 1 1
github.com/katalabut/openclaw-relay/internal/gmail/poller.go:153.3,154.32 2 1
github.com/katalabut/openclaw-relay/internal/gmail/poller.go:154.32,156.4 1 1
github.com/katalabut/openclaw-relay/internal/gmail/poller.go:160.78,162.27 1 1
github.com/katalabut/openclaw-relay/internal/gmail/poller.go:162.27,164.32 2 1
github.com/katalabut/openclaw-relay/internal/gmail/poller.go:164.32,166.4 1 1
github.com/katalabut/openclaw-relay/internal/gmail/poller.go:167.3,167.41 1 1
github.com/katalabut/openclaw-relay/internal/gmail/poller.go:167.41,168.28 1 1
github.com/katalabut/openclaw-relay/internal/gmail/poller.go:168.28,170.5 1 1
github.com/katalabut/openclaw-relay/internal/gmail/poller.go:174.2,174.25 1 1
github.com/katalabut/openclaw-relay/internal/gmail/poller.go:174.25,177.38 3 1
github.com/katalabut/openclaw-relay/internal/gmail/poller.go:177.38,179.39 2 1
github.com/katalabut/openclaw-relay/internal/gmail/poller.go:179.39,180.50 1 1
github.com/katalabut/openclaw-relay/internal/gmail/poller.go:180.50,182.11 2 1
github.com/katalabut/openclaw-relay/internal/gmail/poller.go:184.10,184.51 1 1
github.com/katalabut/openclaw-relay/internal/gmail/poller.go:184.51,186.10 2 1
github.com/katalabut/openclaw-relay/internal/gmail/poller.go:189.3,189.15 1 1
github.com/katalabut/openclaw-relay/internal/gmail/poller.go:189.15,191.4 1 1
github.com/katalabut/openclaw-relay/internal/gmail/poller.go:193.2,193.13 1 1
github.com/katalabut/openclaw-relay/internal/gmail/poller.go:196.105,198.19 2 1
github.com/katalabut/openclaw-relay/internal/gmail/poller.go:198.19,200.3 1 1
github.com/katalabut/openclaw-relay/internal/gmail/poller.go:202.2,203.16 2 1
github.com/katalabut/openclaw-relay/internal/gmail/poller.go:203.16,206.3 2 1
github.com/katalabut/openclaw-relay/internal/gmail/poller.go:208.2,215.49 3 1
github.com/katalabut/openclaw-relay/internal/gmail/poller.go:215.49,218.3 2 0
github.com/katalabut/openclaw-relay/internal/gmail/poller.go:220.2,226.82 3 1
github.com/katalabut/openclaw-relay/internal/gmail/poller.go:226.82,228.3 1 0
github.com/katalabut/openclaw-relay/internal/ratelimit/limiter.go:14.38,18.2 3 1
github.com/katalabut/openclaw-relay/internal/ratelimit/limiter.go:20.42,23.61 3 1
github.com/katalabut/openclaw-relay/internal/ratelimit/limiter.go:23.61,25.3 1 1
github.com/katalabut/openclaw-relay/internal/ratelimit/limiter.go:26.2,27.13 2 1
github.com/katalabut/openclaw-relay/internal/ratelimit/limiter.go:30.29,31.6 1 1
github.com/katalabut/openclaw-relay/internal/ratelimit/limiter.go:31.6,34.28 3 1
github.com/katalabut/openclaw-relay/internal/ratelimit/limiter.go:34.28,35.29 1 0
github.com/katalabut/openclaw-relay/internal/ratelimit/limiter.go:35.29,37.5 1 0
github.com/katalabut/openclaw-relay/internal/ratelimit/limiter.go:39.3,39.16 1 0
github.com/katalabut/openclaw-relay/internal/webhook/github.go:25.72,26.18 1 1
github.com/katalabut/openclaw-relay/internal/webhook/github.go:26.18,28.3 1 1
github.com/katalabut/openclaw-relay/internal/webhook/github.go:29.2,29.46 1 1
github.com/katalabut/openclaw-relay/internal/webhook/github.go:29.46,31.3 1 1
github.com/katalabut/openclaw-relay/internal/webhook/github.go:32.2,36.50 5 1
github.com/katalabut/openclaw-relay/internal/webhook/github.go:39.75,40.33 1 1
github.com/katalabut/openclaw-relay/internal/webhook/github.go:40.33,43.3 2 1
github.com/katalabut/openclaw-relay/internal/webhook/github.go:45.2,46.16 2 1
github.com/katalabut/openclaw-relay/internal/webhook/github.go:46.16,49.3 2 0
github.com/katalabut/openclaw-relay/internal/webhook/github.go:51.2,52.95 2 1
github.com/katalabut/openclaw-relay/internal/webhook/github.go:52.95,56.3 3 1
github.com/katalabut/openclaw-relay/internal/webhook/github.go:58.2,65.30 3 1
github.com/katalabut/openclaw-relay/internal/webhook/github.go:65.30,69.3 3 1
github.com/katalabut/openclaw-relay/internal/webhook/github.go:71.2,95.17 3 1
github.com/katalabut/openclaw-relay/internal/webhook/github.go:96.19,97.36 1 1
github.com/katalabut/openclaw-relay/internal/webhook/github.go:97.36,100.4 2 1
github.com/katalabut/openclaw-relay/internal/webhook/github.go:101.22,102.36 1 1
github.com/katalabut/openclaw-relay/internal/webhook/github.go:102.36,105.4 2 1
github.com/katalabut/openclaw-relay/internal/webhook/github.go:106.29,107.36 1 1
github.com/katalabut/openclaw-relay/internal/webhook/github.go:107.36,110.4 2 1
github.com/katalabut/openclaw-relay/internal/webhook/github.go:113.2,114.61 2 1
github.com/katalabut/openclaw-relay/internal/webhook/github.go:114.61,116.3 1 1
github.com/katalabut/openclaw-relay/internal/webhook/github.go:117.2,117.64 1 1
github.com/katalabut/openclaw-relay/internal/webhook/github.go:117.64,119.3 1 1
github.com/katalabut/openclaw-relay/internal/webhook/github.go:121.2,122.27 2 1
github.com/katalabut/openclaw-relay/internal/webhook/github.go:122.27,126.3 3 1
github.com/katalabut/openclaw-relay/internal/webhook/github.go:128.2,147.75 4 1
github.com/katalabut/openclaw-relay/internal/webhook/github.go:147.75,149.3 1 0
github.com/katalabut/openclaw-relay/internal/webhook/github.go:151.2,152.32 2 1
github.com/katalabut/openclaw-relay/internal/webhook/trello.go:46.85,47.18 1 1
github.com/katalabut/openclaw-relay/internal/webhook/trello.go:47.18,49.3 1 1
github.com/katalabut/openclaw-relay/internal/webhook/trello.go:50.2,54.54 5 1
github.com/katalabut/openclaw-relay/internal/webhook/trello.go:54.54,57.3 2 1
github.com/katalabut/openclaw-relay/internal/webhook/trello.go:58.2,58.13 1 1
github.com/katalabut/openclaw-relay/internal/webhook/trello.go:61.75,62.33 1 1
github.com/katalabut/openclaw-relay/internal/webhook/trello.go:62.33,65.3 2 1
github.com/katalabut/openclaw-relay/internal/webhook/trello.go:66.2,66.33 1 1
github.com/katalabut/openclaw-relay/internal/webhook/trello.go:66.33,69.3 2 1
github.com/katalabut/openclaw-relay/internal/webhook/trello.go:71.2,72.16 2 1
github.com/katalabut/openclaw-relay/internal/webhook/trello.go:72.16,75.3 2 0
github.com/katalabut/openclaw-relay/internal/webhook/trello.go:77.2,79.108 3 1
github.com/katalabut/openclaw-relay/internal/webhook/trello.go:79.108,83.3 3 1
github.com/katalabut/openclaw-relay/internal/webhook/trello.go:85.2,86.55 2 1
github.com/katalabut/openclaw-relay/internal/webhook/trello.go:86.55,90.3 3 1
github.com/katalabut/openclaw-relay/internal/webhook/trello.go:92.2,100.20 8 1
github.com/katalabut/openclaw-relay/internal/webhook/trello.go:101.20,102.24 1 1
github.com/katalabut/openclaw-relay/internal/webhook/trello.go:102.24,106.4 3 1
github.com/katalabut/openclaw-relay/internal/webhook/trello.go:107.3,108.21 2 1
github.com/katalabut/openclaw-relay/internal/webhook/trello.go:108.21,112.4 3 1
github.com/katalabut/openclaw-relay/internal/webhook/trello.go:114.3,114.30 1 1
github.com/katalabut/openclaw-relay/internal/webhook/trello.go:114.30,118.4 3 1
github.com/katalabut/openclaw-relay/internal/webhook/trello.go:119.3,119.27 1 1
github.com/katalabut/openclaw-relay/internal/webhook/trello.go:120.21,121.19 1 1
github.com/katalabut/openclaw-relay/internal/webhook/trello.go:121.19,125.4 3 1
github.com/katalabut/openclaw-relay/internal/webhook/trello.go:126.3,126.30 1 1
github.com/katalabut/openclaw-relay/internal/webhook/trello.go:127.10,130.9 3 1
github.com/katalabut/openclaw-relay/internal/webhook/trello.go:134.2,135.36 2 1
github.com/katalabut/openclaw-relay/internal/webhook/trello.go:135.36,139.3 3 1
github.com/katalabut/openclaw-relay/internal/webhook/trello.go:141.2,146.17 4 1
github.com/katalabut/openclaw-relay/internal/webhook/trello.go:146.17,150.3 3 1
github.com/katalabut/openclaw-relay/internal/webhook/trello.go:153.2,163.18 3 1
github.com/katalabut/openclaw-relay/internal/webhook/trello.go:163.18,165.3 1 0
github.com/katalabut/openclaw-relay/internal/webhook/trello.go:166.2,167.16 2 1
github.com/katalabut/openclaw-relay/internal/webhook/trello.go:167.16,169.3 1 0
github.com/katalabut/openclaw-relay/internal/webhook/trello.go:171.2,172.83 2 1
github.com/katalabut/openclaw-relay/internal/webhook/trello.go:172.83,174.3 1 0
github.com/katalabut/openclaw-relay/internal/webhook/trello.go:176.2,177.32 2 1
github.com/katalabut/openclaw-relay/internal/webhook/trello.go:180.81,181.45 1 1
github.com/katalabut/openclaw-relay/internal/webhook/trello.go:181.45,182.30 1 1
github.com/katalabut/openclaw-relay/internal/webhook/trello.go:182.30,183.12 1 1
github.com/katalabut/openclaw-relay/internal/webhook/trello.go:185.3,185.49 1 1
github.com/katalabut/openclaw-relay/internal/webhook/trello.go:185.49,187.4 1 1
github.com/katalabut/openclaw-relay/internal/webhook/trello.go:189.2,189.12 1 1
github.com/katalabut/openclaw-relay/internal/webhook/trello.go:192.73,193.21 1 1
github.com/katalabut/openclaw-relay/internal/webhook/trello.go:193.21,195.3 1 1
github.com/katalabut/openclaw-relay/internal/webhook/trello.go:197.2,198.29 2 1
github.com/katalabut/openclaw-relay/internal/webhook/trello.go:198.29,200.40 2 1
github.com/katalabut/openclaw-relay/internal/webhook/trello.go:200.40,204.33 3 1
github.com/katalabut/openclaw-relay/internal/webhook/trello.go:204.33,206.24 2 1
github.com/katalabut/openclaw-relay/internal/webhook/trello.go:206.24,208.6 1 1
github.com/katalabut/openclaw-relay/internal/webhook/trello.go:212.2,212.14 1 1
github.com/katalabut/openclaw-relay/internal/webhook/trello.go:215.83,217.16 2 1
github.com/katalabut/openclaw-relay/internal/webhook/trello.go:217.16,220.3 2 1
github.com/katalabut/openclaw-relay/internal/webhook/trello.go:221.2,222.46 2 1
github.com/katalabut/openclaw-relay/internal/webhook/trello.go:222.46,225.3 2 1
github.com/katalabut/openclaw-relay/internal/webhook/trello.go:226.2,226.21 1 1
