mode: set
github.com/katalabut/openclaw-relay/internal/gmail/client.go:34.70,36.2 1 0
github.com/katalabut/openclaw-relay/internal/gmail/client.go:38.71,40.16 2 0
github.com/katalabut/openclaw-relay/internal/gmail/client.go:40.16,42.3 1 0
github.com/katalabut/openclaw-relay/internal/gmail/client.go:43.2,46.16 3 0
github.com/katalabut/openclaw-relay/internal/gmail/client.go:46.16,48.3 1 0
github.com/katalabut/openclaw-relay/internal/gmail/client.go:50.2,50.43 1 0
github.com/katalabut/openclaw-relay/internal/gmail/client.go:50.43,51.65 1 0
github.com/katalabut/openclaw-relay/internal/gmail/client.go:51.65,53.4 1 0
github.com/katalabut/openclaw-relay/internal/gmail/client.go:55.2,55.55 1 0
github.com/katalabut/openclaw-relay/internal/gmail/client.go:82.69,83.28 1 1
github.com/katalabut/openclaw-relay/internal/gmail/client.go:83.28,84.38 1 1
github.com/katalabut/openclaw-relay/internal/gmail/client.go:84.38,86.4 1 1
github.com/katalabut/openclaw-relay/internal/gmail/client.go:88.2,88.11 1 1
github.com/katalabut/openclaw-relay/internal/gmail/client.go:91.50,92.20 1 1
github.com/katalabut/openclaw-relay/internal/gmail/client.go:92.20,94.3 1 1
github.com/katalabut/openclaw-relay/internal/gmail/client.go:96.2,96.88 1 1
github.com/katalabut/openclaw-relay/internal/gmail/client.go:96.88,99.3 2 1
github.com/katalabut/openclaw-relay/internal/gmail/client.go:101.2,101.37 1 1
github.com/katalabut/openclaw-relay/internal/gmail/client.go:101.37,102.80 1 1
github.com/katalabut/openclaw-relay/internal/gmail/client.go:102.80,105.4 2 1
github.com/katalabut/openclaw-relay/internal/gmail/client.go:108.2,108.87 1 1
github.com/katalabut/openclaw-relay/internal/gmail/client.go:108.87,111.3 2 1
github.com/katalabut/openclaw-relay/internal/gmail/client.go:112.2,112.37 1 1
github.com/katalabut/openclaw-relay/internal/gmail/client.go:112.37,113.79 1 1
github.com/katalabut/openclaw-relay/internal/gmail/client.go:113.79,116.4 2 1
github.com/katalabut/openclaw-relay/internal/gmail/client.go:118.3,119.17 2 1
github.com/katalabut/openclaw-relay/internal/gmail/client.go:119.17,121.4 1 1
github.com/katalabut/openclaw-relay/internal/gmail/client.go:123.2,123.11 1 1
github.com/katalabut/openclaw-relay/internal/gmail/client.go:126.37,129.16 3 1
github.com/katalabut/openclaw-relay/internal/gmail/client.go:129.16,131.3 1 0
github.com/katalabut/openclaw-relay/internal/gmail/client.go:132.2,132.15 1 1
github.com/katalabut/openclaw-relay/internal/gmail/client.go:136.107,138.16 2 0
github.com/katalabut/openclaw-relay/internal/gmail/client.go:138.16,140.3 1 0
github.com/katalabut/openclaw-relay/internal/gmail/client.go:141.2,141.21 1 0
github.com/katalabut/openclaw-relay/internal/gmail/client.go:141.21,143.3 1 0
github.com/katalabut/openclaw-relay/internal/gmail/client.go:144.2,146.16 3 0
github.com/katalabut/openclaw-relay/internal/gmail/client.go:146.16,148.3 1 0
github.com/katalabut/openclaw-relay/internal/gmail/client.go:150.2,151.34 2 0
github.com/katalabut/openclaw-relay/internal/gmail/client.go:151.34,153.17 2 0
github.com/katalabut/openclaw-relay/internal/gmail/client.go:153.17,155.12 2 0
github.com/katalabut/openclaw-relay/internal/gmail/client.go:157.3,165.5 1 0
github.com/katalabut/openclaw-relay/internal/gmail/client.go:167.2,167.18 1 0
github.com/katalabut/openclaw-relay/internal/gmail/client.go:171.83,173.16 2 0
github.com/katalabut/openclaw-relay/internal/gmail/client.go:173.16,175.3 1 0
github.com/katalabut/openclaw-relay/internal/gmail/client.go:176.2,177.16 2 0
github.com/katalabut/openclaw-relay/internal/gmail/client.go:177.16,179.3 1 0
github.com/katalabut/openclaw-relay/internal/gmail/client.go:180.2,190.8 1 0
github.com/katalabut/openclaw-relay/internal/gmail/client.go:203.89,205.16 2 0
github.com/katalabut/openclaw-relay/internal/gmail/client.go:205.16,207.3 1 0
github.com/katalabut/openclaw-relay/internal/gmail/client.go:208.2,212.17 2 0
github.com/katalabut/openclaw-relay/internal/gmail/client.go:212.17,214.3 1 0
github.com/katalabut/openclaw-relay/internal/gmail/client.go:215.2,215.18 1 0
github.com/katalabut/openclaw-relay/internal/gmail/client.go:215.18,217.3 1 0
github.com/katalabut/openclaw-relay/internal/gmail/client.go:218.2,218.14 1 0
github.com/katalabut/openclaw-relay/internal/gmail/client.go:218.14,220.3 1 0
github.com/katalabut/openclaw-relay/internal/gmail/client.go:221.2,222.12 2 0
github.com/katalabut/openclaw-relay/internal/gmail/client.go:233.71,235.16 2 0
github.com/katalabut/openclaw-relay/internal/gmail/client.go:235.16,237.3 1 0
github.com/katalabut/openclaw-relay/internal/gmail/client.go:238.2,239.16 2 0
github.com/katalabut/openclaw-relay/internal/gmail/client.go:239.16,241.3 1 0
github.com/katalabut/openclaw-relay/internal/gmail/client.go:242.2,243.32 2 0
github.com/katalabut/openclaw-relay/internal/gmail/client.go:243.32,245.3 1 0
github.com/katalabut/openclaw-relay/internal/gmail/client.go:246.2,246.20 1 0
github.com/katalabut/openclaw-relay/internal/gmail/client.go:250.89,252.16 2 0
github.com/katalabut/openclaw-relay/internal/gmail/client.go:252.16,254.3 1 0
github.com/katalabut/openclaw-relay/internal/gmail/client.go:255.2,256.16 2 0
github.com/katalabut/openclaw-relay/internal/gmail/client.go:256.16,258.3 1 0
github.com/katalabut/openclaw-relay/internal/gmail/client.go:259.2,260.38 2 0
github.com/katalabut/openclaw-relay/internal/gmail/client.go:260.38,272.3 1 0
github.com/katalabut/openclaw-relay/internal/gmail/client.go:273.2,273.18 1 0
github.com/katalabut/openclaw-relay/internal/gmail/client.go:277.75,279.16 2 0
github.com/katalabut/openclaw-relay/internal/gmail/client.go:279.16,281.3 1 0
github.com/katalabut/openclaw-relay/internal/gmail/client.go:282.2,283.16 2 0
github.com/katalabut/openclaw-relay/internal/gmail/client.go:283.16,285.3 1 0
github.com/katalabut/openclaw-relay/internal/gmail/client.go:286.2,286.31 1 0
github.com/katalabut/openclaw-relay/internal/gmail/client.go:300.107,302.16 2 0
github.com/katalabut/openclaw-relay/internal/gmail/client.go:302.16,304.3 1 0
github.com/katalabut/openclaw-relay/internal/gmail/client.go:306.2,310.6 4 0
github.com/katalabut/openclaw-relay/internal/gmail/client.go:310.6,312.22 2 0
github.com/katalabut/openclaw-relay/internal/gmail/client.go:312.22,314.4 1 0
github.com/katalabut/openclaw-relay/internal/gmail/client.go:315.3,316.17 2 0
github.com/katalabut/openclaw-relay/internal/gmail/client.go:316.17,318.4 1 0
github.com/katalabut/openclaw-relay/internal/gmail/client.go:319.3,321.34 2 0
github.com/katalabut/openclaw-relay/internal/gmail/client.go:321.34,322.39 1 0
github.com/katalabut/openclaw-relay/internal/gmail/client.go:322.39,326.19 3 0
github.com/katalabut/openclaw-relay/internal/gmail/client.go:326.19,333.14 3 0
github.com/katalabut/openclaw-relay/internal/gmail/client.go:335.5,342.7 1 0
github.com/katalabut/openclaw-relay/internal/gmail/client.go:346.3,346.31 1 0
github.com/katalabut/openclaw-relay/internal/gmail/client.go:346.31,347.9 1 0
github.com/katalabut/openclaw-relay/internal/gmail/client.go:349.3,349.33 1 0
github.com/katalabut/openclaw-relay/internal/gmail/client.go:352.2,352.35 1 0
github.com/katalabut/openclaw-relay/internal/gmail/handler.go:15.46,17.2 1 1
github.com/katalabut/openclaw-relay/internal/gmail/handler.go:20.54,26.2 5 1
github.com/katalabut/openclaw-relay/internal/gmail/handler.go:28.52,31.2 2 1
github.com/katalabut/openclaw-relay/internal/gmail/handler.go:33.61,37.2 3 1
github.com/katalabut/openclaw-relay/internal/gmail/handler.go:39.78,40.32 1 1
github.com/katalabut/openclaw-relay/internal/gmail/handler.go:40.32,43.3 2 1
github.com/katalabut/openclaw-relay/internal/gmail/handler.go:44.2,45.13 2 1
github.com/katalabut/openclaw-relay/internal/gmail/handler.go:45.13,47.3 1 1
github.com/katalabut/openclaw-relay/internal/gmail/handler.go:48.2,50.18 3 1
github.com/katalabut/openclaw-relay/internal/gmail/handler.go:50.18,51.70 1 1
github.com/katalabut/openclaw-relay/internal/gmail/handler.go:51.70,53.4 1 1
github.com/katalabut/openclaw-relay/internal/gmail/handler.go:55.2,56.16 2 1
github.com/katalabut/openclaw-relay/internal/gmail/handler.go:56.16,59.3 2 1
github.com/katalabut/openclaw-relay/internal/gmail/handler.go:60.2,60.51 1 1
github.com/katalabut/openclaw-relay/internal/gmail/handler.go:63.76,64.32 1 1
github.com/katalabut/openclaw-relay/internal/gmail/handler.go:64.32,67.3 2 1
github.com/katalabut/openclaw-relay/internal/gmail/handler.go:68.2,69.14 2 1
github.com/katalabut/openclaw-relay/internal/gmail/handler.go:69.14,72.3 2 1
github.com/katalabut/openclaw-relay/internal/gmail/handler.go:73.2,74.16 2 1
github.com/katalabut/openclaw-relay/internal/gmail/handler.go:74.16,77.3 2 1
github.com/katalabut/openclaw-relay/internal/gmail/handler.go:78.2,78.22 1 1
github.com/katalabut/openclaw-relay/internal/gmail/handler.go:81.79,82.33 1 1
github.com/katalabut/openclaw-relay/internal/gmail/handler.go:82.33,85.3 2 1
github.com/katalabut/openclaw-relay/internal/gmail/handler.go:86.2,87.14 2 1
github.com/katalabut/openclaw-relay/internal/gmail/handler.go:87.14,90.3 2 1
github.com/katalabut/openclaw-relay/internal/gmail/handler.go:91.2,92.61 2 1
github.com/katalabut/openclaw-relay/internal/gmail/handler.go:92.61,95.3 2 1
github.com/katalabut/openclaw-relay/internal/gmail/handler.go:96.2,96.69 1 1
github.com/katalabut/openclaw-relay/internal/gmail/handler.go:96.69,99.3 2 1
github.com/katalabut/openclaw-relay/internal/gmail/handler.go:100.2,100.46 1 1
github.com/katalabut/openclaw-relay/internal/gmail/handler.go:103.76,104.32 1 1
github.com/katalabut/openclaw-relay/internal/gmail/handler.go:104.32,107.3 2 1
github.com/katalabut/openclaw-relay/internal/gmail/handler.go:108.2,109.16 2 1
github.com/katalabut/openclaw-relay/internal/gmail/handler.go:109.16,112.3 2 1
github.com/katalabut/openclaw-relay/internal/gmail/handler.go:113.2,113.51 1 1
github.com/katalabut/openclaw-relay/internal/gmail/handler.go:116.75,117.32 1 1
github.com/katalabut/openclaw-relay/internal/gmail/handler.go:117.32,120.3 2 1
github.com/katalabut/openclaw-relay/internal/gmail/handler.go:121.2,122.20 2 1
github.com/katalabut/openclaw-relay/internal/gmail/handler.go:122.20,125.3 2 1
github.com/katalabut/openclaw-relay/internal/gmail/handler.go:126.2,127.16 2 1
github.com/katalabut/openclaw-relay/internal/gmail/handler.go:127.16,130.3 2 1
github.com/katalabut/openclaw-relay/internal/gmail/handler.go:131.2,131.51 1 1
github.com/katalabut/openclaw-relay/internal/gmail/poller.go:33.112,35.28 2 1
github.com/katalabut/openclaw-relay/internal/gmail/poller.go:35.28,36.65 1 1
github.com/katalabut/openclaw-relay/internal/gmail/poller.go:36.65,38.4 1 1
github.com/katalabut/openclaw-relay/internal/gmail/poller.go:40.2,46.3 1 1
github.com/katalabut/openclaw-relay/internal/gmail/poller.go:49.37,51.2 1 1
github.com/katalabut/openclaw-relay/internal/gmail/poller.go:53.51,55.16 2 1
github.com/katalabut/openclaw-relay/internal/gmail/poller.go:55.16,57.3 1 1
github.com/katalabut/openclaw-relay/internal/gmail/poller.go:58.2,59.37 2 1
github.com/katalabut/openclaw-relay/internal/gmail/poller.go:62.49,66.2 3 1
github.com/katalabut/openclaw-relay/internal/gmail/poller.go:69.45,70.12 1 0
github.com/katalabut/openclaw-relay/internal/gmail/poller.go:70.12,75.17 3 0
github.com/katalabut/openclaw-relay/internal/gmail/poller.go:75.17,78.18 3 0
github.com/katalabut/openclaw-relay/internal/gmail/poller.go:78.18,80.5 1 0
github.com/katalabut/openclaw-relay/internal/gmail/poller.go:80.10,84.5 3 0
github.com/katalabut/openclaw-relay/internal/gmail/poller.go:85.9,87.4 1 0
github.com/katalabut/openclaw-relay/internal/gmail/poller.go:89.3,92.7 3 0
github.com/katalabut/openclaw-relay/internal/gmail/poller.go:92.7,93.11 1 0
github.com/katalabut/openclaw-relay/internal/gmail/poller.go:94.22,96.11 2 0
github.com/katalabut/openclaw-relay/internal/gmail/poller.go:97.20,98.16 1 0
github.com/katalabut/openclaw-relay/internal/gmail/poller.go:104.44,106.40 2 1
github.com/katalabut/openclaw-relay/internal/gmail/poller.go:106.40,109.17 2 1
github.com/katalabut/openclaw-relay/internal/gmail/poller.go:109.17,112.4 2 1
github.com/katalabut/openclaw-relay/internal/gmail/poller.go:113.3,115.9 3 1
github.com/katalabut/openclaw-relay/internal/gmail/poller.go:118.2,119.16 2 1
github.com/katalabut/openclaw-relay/internal/gmail/poller.go:119.16,121.88 1 1
github.com/katalabut/openclaw-relay/internal/gmail/poller.go:121.88,124.18 3 1
github.com/katalabut/openclaw-relay/internal/gmail/poller.go:124.18,126.5 1 1
github.com/katalabut/openclaw-relay/internal/gmail/poller.go:127.4,127.10 1 1
github.com/katalabut/openclaw-relay/internal/gmail/poller.go:129.3,130.9 2 1
github.com/katalabut/openclaw-relay/internal/gmail/poller.go:133.2,133.30 1 1
github.com/katalabut/openclaw-relay/internal/gmail/poller.go:133.30,136.3 2 1
github.com/katalabut/openclaw-relay/internal/gmail/poller.go:138.2,138.20 1 1
github.com/katalabut/openclaw-relay/internal/gmail/poller.go:138.20,140.3 1 1
github.com/katalabut/openclaw-relay/internal/gmail/poller.go:142.2,143.27 2 1
github.com/katalabut/openclaw-relay/internal/gmail/poller.go:143.27,145.3 1 1
github.com/katalabut/openclaw-relay/internal/gmail/poller.go:148.73,149.31 1 1
github.com/katalabut/openclaw-relay/internal/gmail/poller.go:149.31,150.36 1 1
github.com/katalabut/openclaw-relay/internal/gmail/poller.go:150.36,151.12 1 1
github.com/katalabut/openclaw-relay/internal/gmail/poller.go:153.3,154.32 2 1
github.com/katalabut/openclaw-relay/internal/gmail/poller.go:154.32,156.4 1 1
github.com/katalabut/openclaw-relay/internal/gmail/poller.go:160.78,162.27 1 1
github.com/katalabut/openclaw-relay/internal/gmail/poller.go:162.27,164.32 2 1
github.com/katalabut/openclaw-relay/internal/gmail/poller.go:164.32,166.4 1 1
github.com/katalabut/openclaw-relay/internal/gmail/poller.go:167.3,167.41 1 1
github.com/katalabut/openclaw-relay/internal/gmail/poller.go:167.41,168.28 1 1
github.com/katalabut/openclaw-relay/internal/gmail/poller.go:168.28,170.5 1 1
github.com/katalabut/openclaw-relay/internal/gmail/poller.go:174.2,174.25 1 1
github.com/katalabut/openclaw-relay/internal/gmail/poller.go:174.25,177.38 3 1
github.com/katalabut/openclaw-relay/internal/gmail/poller.go:177.38,179.39 2 1
github.com/katalabut/openclaw-relay/internal/gmail/poller.go:179.39,180.50 1 1
github.com/katalabut/openclaw-relay/internal/gmail/poller.go:180.50,182.11 2 1
github.com/katalabut/openclaw-relay/internal/gmail/poller.go:184.10,184.51 1 1
github.com/katalabut/openclaw-relay/internal/gmail/poller.go:184.51,186.10 2 1
github.com/katalabut/openclaw-relay/internal/gmail/poller.go:189.3,189.15 1 1
github.com/katalabut/openclaw-relay/internal/gmail/poller.go:189.15,191.4 1 1
github.com/katalabut/openclaw-relay/internal/gmail/poller.go:193.2,193.13 1 1
github.com/katalabut/openclaw-relay/internal/gmail/poller.go:196.105,198.19 2 1
github.com/katalabut/openclaw-relay/internal/gmail/poller.go:198.19,200.3 1 1
github.com/katalabut/openclaw-relay/internal/gmail/poller.go:202.2,203.16 2 1
github.com/katalabut/openclaw-relay/internal/gmail/poller.go:203.16,206.3 2 1
github.com/katalabut/openclaw-relay/internal/gmail/poller.go:208.2,215.49 3 1
github.com/katalabut/openclaw-relay/internal/gmail/poller.go:215.49,218.3 2 0
github.com/katalabut/openclaw-relay/internal/gmail/poller.go:220.2,226.82 3 1
github.com/katalabut/openclaw-relay/internal/gmail/poller.go:226.82,228.3 1 0
